
************************************************************

CalculiX Version 2.20, Copyright(C) 1998-2022 Guido Dhondt
CalculiX comes with ABSOLUTELY NO WARRANTY. This is free
software, and you are welcome to redistribute it under
certain conditions, see gpl.htm

************************************************************

You are using an executable made on Sun Jul 31 18:08:37 CEST 2022

  The numbers below are estimated upper bounds

  number of:

   nodes:         3357
   elements:          560
   one-dimensional elements:            0
   two-dimensional elements:            0
   integration points per element:            8
   degrees of freedom per node:            3
   layers per element:            1

   distributed facial loads:            0
   distributed volumetric loads:            0
   concentrated loads:            8
   single point constraints:         1047
   multiple point constraints:            1
   terms in all multiple point constraints:            1
   tie constraints:            0
   dependent nodes tied by cyclic constraints:            0
   dependent nodes in pre-tension constraints:            0

   sets:           13
   terms in all sets:         2745

   materials:            1
   constants per material and temperature:            2
   temperature points per material:            1
   plastic data points per material:            0

   orientations:            0
   amplitudes:            2
   data points in all amplitudes:            2
   print requests:            1
   transformations:            0
   property cards:            0


 STEP            1

 Frequency analysis was selected

 Decascading the MPC's

 Determining the structure of the matrix:
 Using up to 1 cpu(s) for setting up the structure of the matrix.
 number of equations
 9024
 number of nonzero lower triangular matrix elements
 579552

 Using up to 1 cpu(s) for setting up the structure of the matrix.
 Using up to 1 cpu(s) for the stress calculation.

 Using up to 1 cpu(s) for the symmetric stiffness/mass contributions.

 Factoring the system of equations using the symmetric spooles solver
 Using up to 1 cpu(s) for spooles.

 Calculating the eigenvalues and the eigenmodes

U^T*M*U=1.000000 for eigenmode 1
U^T*M*U=1.000000 for eigenmode 2
U^T*M*U=1.000000 for eigenmode 3
U^T*M*U=1.000000 for eigenmode 4
U^T*M*U=1.000000 for eigenmode 5
U^T*M*U=1.000000 for eigenmode 6
U^T*M*U=1.000000 for eigenmode 7
U^T*M*U=1.000000 for eigenmode 8
U^T*M*U=1.000000 for eigenmode 9
U^T*M*U=1.000000 for eigenmode 10
U^T*M*U=1.000000 for eigenmode 11
U^T*M*U=1.000000 for eigenmode 12
U^T*M*U=1.000000 for eigenmode 13
U^T*M*U=1.000000 for eigenmode 14
U^T*M*U=1.000000 for eigenmode 15
U^T*M*U=1.000000 for eigenmode 16
U^T*M*U=1.000000 for eigenmode 17
U^T*M*U=1.000000 for eigenmode 18
U^T*M*U=1.000000 for eigenmode 19
U^T*M*U=1.000000 for eigenmode 20
U^T*M*U=1.000000 for eigenmode 21
U^T*M*U=1.000000 for eigenmode 22
U^T*M*U=1.000000 for eigenmode 23
U^T*M*U=1.000000 for eigenmode 24
U^T*M*U=1.000000 for eigenmode 25
U^T*M*U=1.000000 for eigenmode 26
U^T*M*U=1.000000 for eigenmode 27
U^T*M*U=1.000000 for eigenmode 28
U^T*M*U=1.000000 for eigenmode 29
U^T*M*U=1.000000 for eigenmode 30
 Using up to 1 cpu(s) for the stress calculation.

 Using up to 1 cpu(s) for the stress calculation.

 Using up to 1 cpu(s) for the stress calculation.

 Using up to 1 cpu(s) for the stress calculation.

 Using up to 1 cpu(s) for the stress calculation.

 Using up to 1 cpu(s) for the stress calculation.

 Using up to 1 cpu(s) for the stress calculation.

 Using up to 1 cpu(s) for the stress calculation.

 Using up to 1 cpu(s) for the stress calculation.

 Using up to 1 cpu(s) for the stress calculation.

 Using up to 1 cpu(s) for the stress calculation.

 Using up to 1 cpu(s) for the stress calculation.

 Using up to 1 cpu(s) for the stress calculation.

 Using up to 1 cpu(s) for the stress calculation.

 Using up to 1 cpu(s) for the stress calculation.

 Using up to 1 cpu(s) for the stress calculation.

 Using up to 1 cpu(s) for the stress calculation.

 Using up to 1 cpu(s) for the stress calculation.

 Using up to 1 cpu(s) for the stress calculation.

 Using up to 1 cpu(s) for the stress calculation.

 Using up to 1 cpu(s) for the stress calculation.

 Using up to 1 cpu(s) for the stress calculation.

 Using up to 1 cpu(s) for the stress calculation.

 Using up to 1 cpu(s) for the stress calculation.

 Using up to 1 cpu(s) for the stress calculation.

 Using up to 1 cpu(s) for the stress calculation.

 Using up to 1 cpu(s) for the stress calculation.

 Using up to 1 cpu(s) for the stress calculation.

 Using up to 1 cpu(s) for the stress calculation.

 Using up to 1 cpu(s) for the stress calculation.


*WARNING: not all frequencies in the requested interval might be found;
increase the number of requested frequencies

 Job finished

________________________________________

Total CalculiX Time: 3.746756
________________________________________
